<?xml version="1.0" encoding="utf-8" standalone="no"?>
<!--This file represents the results of running a test suite-->
<test-results name="C:\Users\afahe\Documents\GitHub\GoogleMapsWebDriverTest\GoogleMapsWebDriverTest\GoogleMapsWebDriverTest\bin\Debug\GoogleMapsWebDriverTest.exe" total="1" errors="0" failures="0" not-run="0" inconclusive="0" ignored="0" skipped="0" invalid="0" date="2017-10-08" time="16:26:49">
  <environment nunit-version="2.6.3.13283" clr-version="2.0.50727.8794" os-version="Microsoft Windows NT 6.2.9200.0" platform="Win32NT" cwd="C:\NunitTesting\NUnit-2.6.3\bin" machine-name="DESKTOP-I6A8LRP" user="afahe" user-domain="DESKTOP-I6A8LRP" />
  <culture-info current-culture="en-US" current-uiculture="en-US" />
  <test-suite type="Assembly" name="C:\Users\afahe\Documents\GitHub\GoogleMapsWebDriverTest\GoogleMapsWebDriverTest\GoogleMapsWebDriverTest\bin\Debug\GoogleMapsWebDriverTest.exe" executed="True" result="Success" success="True" time="8.274" asserts="0">
    <results>
      <test-suite type="Namespace" name="Alerts_and_Windows" executed="True" result="Success" success="True" time="8.263" asserts="0">
        <results>
          <test-suite type="TestFixture" name="GoogleMapsWebDrivertest" executed="True" result="Success" success="True" time="8.262" asserts="0">
            <results>
              <test-case name="Alerts_and_Windows.GoogleMapsWebDrivertest.GoogleMapsTest" executed="True" result="Success" success="True" time="8.249" asserts="0" />
            </results>
          </test-suite>
        </results>
      </test-suite>
    </results>
  </test-suite>
</test-results>