<?xml version="1.0" encoding="utf-8" standalone="no"?>
<!--This file represents the results of running a test suite-->
<test-results name="C:\Users\adam.fahey\Documents\GitHub\GoogleMapsWebDriverTest\GoogleMapsWebDriverTest\GoogleMapsWebDriverTest\bin\Debug\GoogleMapsWebDriverTest.exe" total="1" errors="0" failures="1" not-run="0" inconclusive="0" ignored="0" skipped="0" invalid="0" date="2017-10-08" time="12:23:24">
  <environment nunit-version="2.6.3.13283" clr-version="2.0.50727.8762" os-version="Microsoft Windows NT 6.2.9200.0" platform="Win32NT" cwd="C:\Program Files (x86)\NUnit 2.6.3\bin" machine-name="FALPPLT-AFAHEY2" user="adam.fahey" user-domain="TYLER" />
  <culture-info current-culture="en-US" current-uiculture="en-US" />
  <test-suite type="Assembly" name="C:\Users\adam.fahey\Documents\GitHub\GoogleMapsWebDriverTest\GoogleMapsWebDriverTest\GoogleMapsWebDriverTest\bin\Debug\GoogleMapsWebDriverTest.exe" executed="True" result="Failure" success="False" time="9.321" asserts="0">
    <results>
      <test-suite type="Namespace" name="Alerts_and_Windows" executed="True" result="Failure" success="False" time="9.301" asserts="0">
        <results>
          <test-suite type="TestFixture" name="GoogleMapsWebDrivertest" executed="True" result="Failure" success="False" time="9.297" asserts="0">
            <results>
              <test-case name="Alerts_and_Windows.GoogleMapsWebDrivertest.GoogleMapsTest" executed="True" result="Failure" success="False" time="9.283" asserts="0">
                <failure>
                  <message><![CDATA[  Expected: True
  But was:  False
]]></message>
                  <stack-trace><![CDATA[at Alerts_and_Windows.GoogleMapsWebDrivertest.GoogleMapsTest() in C:\Users\adam.fahey\Documents\GitHub\GoogleMapsWebDriverTest\GoogleMapsWebDriverTest\GoogleMapsWebDriverTest\Test.cs:line 39
]]></stack-trace>
                </failure>
              </test-case>
            </results>
          </test-suite>
        </results>
      </test-suite>
    </results>
  </test-suite>
</test-results>